2023-02-26 18:47:29,958 DEBUG logging.InternalLoggerFactory [main] Using Log4J2 as the default logging framework
2023-02-26 18:47:29,965 DEBUG util.ResourceLeakDetector [main] -Dio.netty.leakDetection.level: simple
2023-02-26 18:47:29,965 DEBUG util.ResourceLeakDetector [main] -Dio.netty.leakDetection.targetRecords: 4
2023-02-26 18:47:29,969 DEBUG util.ResourceLeakDetectorFactory [main] Loaded default ResourceLeakDetector: io.netty.util.ResourceLeakDetector@7c3ebc6b
2023-02-26 18:47:29,983 DEBUG internal.PlatformDependent0 [main] -Dio.netty.noUnsafe: false
2023-02-26 18:47:29,983 DEBUG internal.PlatformDependent0 [main] Java version: 17
2023-02-26 18:47:29,985 DEBUG internal.PlatformDependent0 [main] sun.misc.Unsafe.theUnsafe: available
2023-02-26 18:47:29,986 DEBUG internal.PlatformDependent0 [main] sun.misc.Unsafe.copyMemory: available
2023-02-26 18:47:29,986 DEBUG internal.PlatformDependent0 [main] sun.misc.Unsafe.storeFence: available
2023-02-26 18:47:29,988 DEBUG internal.PlatformDependent0 [main] java.nio.Buffer.address: available
2023-02-26 18:47:29,988 DEBUG internal.PlatformDependent0 [main] direct buffer constructor: unavailable
java.lang.UnsupportedOperationException: Reflective setAccessible(true) disabled
	at io.netty.util.internal.ReflectionUtil.trySetAccessible(ReflectionUtil.java:31) ~[netty-common-4.1.84.Final.jar:4.1.84.Final]
	at io.netty.util.internal.PlatformDependent0$5.run(PlatformDependent0.java:288) ~[netty-common-4.1.84.Final.jar:4.1.84.Final]
	at java.security.AccessController.doPrivileged(AccessController.java:318) ~[?:?]
	at io.netty.util.internal.PlatformDependent0.<clinit>(PlatformDependent0.java:282) ~[netty-common-4.1.84.Final.jar:4.1.84.Final]
	at io.netty.util.internal.PlatformDependent.isAndroid(PlatformDependent.java:333) ~[netty-common-4.1.84.Final.jar:4.1.84.Final]
	at io.netty.util.internal.PlatformDependent.<clinit>(PlatformDependent.java:88) ~[netty-common-4.1.84.Final.jar:4.1.84.Final]
	at io.netty.util.HashedWheelTimer.<init>(HashedWheelTimer.java:114) ~[netty-common-4.1.84.Final.jar:4.1.84.Final]
	at io.netty.util.HashedWheelTimer.<init>(HashedWheelTimer.java:251) ~[netty-common-4.1.84.Final.jar:4.1.84.Final]
	at io.netty.util.HashedWheelTimer.<init>(HashedWheelTimer.java:224) ~[netty-common-4.1.84.Final.jar:4.1.84.Final]
	at io.netty.util.HashedWheelTimer.<init>(HashedWheelTimer.java:203) ~[netty-common-4.1.84.Final.jar:4.1.84.Final]
	at org.asynchttpclient.DefaultAsyncHttpClient.newNettyTimer(DefaultAsyncHttpClient.java:111) ~[async-http-client-2.12.3.jar:?]
	at org.asynchttpclient.DefaultAsyncHttpClient.<init>(DefaultAsyncHttpClient.java:90) ~[async-http-client-2.12.3.jar:?]
	at org.asynchttpclient.Dsl.asyncHttpClient(Dsl.java:32) ~[async-http-client-2.12.3.jar:?]
	at org.openqa.selenium.remote.http.netty.NettyClient.createHttpClient(NettyClient.java:94) ~[selenium-remote-driver-4.7.2.jar:?]
	at org.openqa.selenium.remote.http.netty.NettyClient.<clinit>(NettyClient.java:47) ~[selenium-remote-driver-4.7.2.jar:?]
	at org.openqa.selenium.remote.http.netty.NettyClient$Factory.createClient(NettyClient.java:135) ~[selenium-remote-driver-4.7.2.jar:?]
	at org.openqa.selenium.remote.HttpCommandExecutor.<init>(HttpCommandExecutor.java:107) ~[selenium-remote-driver-4.7.2.jar:?]
	at org.openqa.selenium.remote.HttpCommandExecutor.<init>(HttpCommandExecutor.java:94) ~[selenium-remote-driver-4.7.2.jar:?]
	at org.openqa.selenium.remote.HttpCommandExecutor.<init>(HttpCommandExecutor.java:85) ~[selenium-remote-driver-4.7.2.jar:?]
	at org.openqa.selenium.remote.service.DriverCommandExecutor.<init>(DriverCommandExecutor.java:80) ~[selenium-remote-driver-4.7.2.jar:?]
	at org.openqa.selenium.chromium.ChromiumDriverCommandExecutor.<init>(ChromiumDriverCommandExecutor.java:35) ~[selenium-chromium-driver-4.7.2.jar:?]
	at org.openqa.selenium.chrome.ChromeDriver$ChromeDriverCommandExecutor.<init>(ChromeDriver.java:94) ~[selenium-chrome-driver-4.7.2.jar:?]
	at org.openqa.selenium.chrome.ChromeDriver.<init>(ChromeDriver.java:82) ~[selenium-chrome-driver-4.7.2.jar:?]
	at org.openqa.selenium.chrome.ChromeDriver.<init>(ChromeDriver.java:50) ~[selenium-chrome-driver-4.7.2.jar:?]
	at driver.DriverSingleton.getDriver(DriverSingleton.java:26) ~[test-classes/:?]
	at test.CommonConditions.setUp(CommonConditions.java:31) ~[test-classes/:?]
	at jdk.internal.reflect.NativeMethodAccessorImpl.invoke0(Native Method) ~[?:?]
	at jdk.internal.reflect.NativeMethodAccessorImpl.invoke(NativeMethodAccessorImpl.java:77) ~[?:?]
	at jdk.internal.reflect.DelegatingMethodAccessorImpl.invoke(DelegatingMethodAccessorImpl.java:43) ~[?:?]
	at java.lang.reflect.Method.invoke(Method.java:568) ~[?:?]
	at org.testng.internal.MethodInvocationHelper.invokeMethod(MethodInvocationHelper.java:131) ~[testng-7.0.0-beta1.jar:?]
	at org.testng.internal.MethodInvocationHelper.invokeMethodConsideringTimeout(MethodInvocationHelper.java:61) ~[testng-7.0.0-beta1.jar:?]
	at org.testng.internal.Invoker.invokeConfigurationMethod(Invoker.java:511) ~[testng-7.0.0-beta1.jar:?]
	at org.testng.internal.Invoker.invokeConfigurations(Invoker.java:241) ~[testng-7.0.0-beta1.jar:?]
	at org.testng.internal.Invoker.invokeConfigurations(Invoker.java:144) ~[testng-7.0.0-beta1.jar:?]
	at org.testng.internal.TestMethodWorker.invokeBeforeClassMethods(TestMethodWorker.java:173) ~[testng-7.0.0-beta1.jar:?]
	at org.testng.internal.TestMethodWorker.run(TestMethodWorker.java:118) ~[testng-7.0.0-beta1.jar:?]
	at org.testng.TestRunner.privateRun(TestRunner.java:739) ~[testng-7.0.0-beta1.jar:?]
	at org.testng.TestRunner.run(TestRunner.java:589) ~[testng-7.0.0-beta1.jar:?]
	at org.testng.SuiteRunner.runTest(SuiteRunner.java:398) ~[testng-7.0.0-beta1.jar:?]
	at org.testng.SuiteRunner.runSequentially(SuiteRunner.java:392) ~[testng-7.0.0-beta1.jar:?]
	at org.testng.SuiteRunner.privateRun(SuiteRunner.java:354) ~[testng-7.0.0-beta1.jar:?]
	at org.testng.SuiteRunner.run(SuiteRunner.java:302) ~[testng-7.0.0-beta1.jar:?]
	at org.testng.SuiteRunnerWorker.runSuite(SuiteRunnerWorker.java:53) ~[testng-7.0.0-beta1.jar:?]
	at org.testng.SuiteRunnerWorker.run(SuiteRunnerWorker.java:96) ~[testng-7.0.0-beta1.jar:?]
	at org.testng.TestNG.runSuitesSequentially(TestNG.java:1145) ~[testng-7.0.0-beta1.jar:?]
	at org.testng.TestNG.runSuitesLocally(TestNG.java:1067) ~[testng-7.0.0-beta1.jar:?]
	at org.testng.TestNG.runSuites(TestNG.java:997) ~[testng-7.0.0-beta1.jar:?]
	at org.testng.TestNG.run(TestNG.java:965) ~[testng-7.0.0-beta1.jar:?]
	at org.apache.maven.surefire.testng.TestNGExecutor.run(TestNGExecutor.java:284) ~[surefire-testng-3.0.0-M5.jar:3.0.0-M5]
	at org.apache.maven.surefire.testng.TestNGXmlTestSuite.execute(TestNGXmlTestSuite.java:75) ~[surefire-testng-3.0.0-M5.jar:3.0.0-M5]
	at org.apache.maven.surefire.testng.TestNGProvider.invoke(TestNGProvider.java:119) ~[surefire-testng-3.0.0-M5.jar:3.0.0-M5]
	at org.apache.maven.surefire.booter.ForkedBooter.runSuitesInProcess(ForkedBooter.java:428) ~[surefire-booter-3.0.0-M5.jar:3.0.0-M5]
	at org.apache.maven.surefire.booter.ForkedBooter.execute(ForkedBooter.java:162) ~[surefire-booter-3.0.0-M5.jar:3.0.0-M5]
	at org.apache.maven.surefire.booter.ForkedBooter.run(ForkedBooter.java:562) ~[surefire-booter-3.0.0-M5.jar:3.0.0-M5]
	at org.apache.maven.surefire.booter.ForkedBooter.main(ForkedBooter.java:548) ~[surefire-booter-3.0.0-M5.jar:3.0.0-M5]
2023-02-26 18:47:29,993 DEBUG internal.PlatformDependent0 [main] java.nio.Bits.unaligned: available, true
2023-02-26 18:47:29,996 DEBUG internal.PlatformDependent0 [main] jdk.internal.misc.Unsafe.allocateUninitializedArray(int): unavailable
java.lang.IllegalAccessException: class io.netty.util.internal.PlatformDependent0$7 cannot access class jdk.internal.misc.Unsafe (in module java.base) because module java.base does not export jdk.internal.misc to unnamed module @c8e4bb0
	at jdk.internal.reflect.Reflection.newIllegalAccessException(Reflection.java:392) ~[?:?]
	at java.lang.reflect.AccessibleObject.checkAccess(AccessibleObject.java:674) ~[?:?]
	at java.lang.reflect.Method.invoke(Method.java:560) ~[?:?]
	at io.netty.util.internal.PlatformDependent0$7.run(PlatformDependent0.java:410) ~[netty-common-4.1.84.Final.jar:4.1.84.Final]
	at java.security.AccessController.doPrivileged(AccessController.java:318) ~[?:?]
	at io.netty.util.internal.PlatformDependent0.<clinit>(PlatformDependent0.java:401) ~[netty-common-4.1.84.Final.jar:4.1.84.Final]
	at io.netty.util.internal.PlatformDependent.isAndroid(PlatformDependent.java:333) ~[netty-common-4.1.84.Final.jar:4.1.84.Final]
	at io.netty.util.internal.PlatformDependent.<clinit>(PlatformDependent.java:88) ~[netty-common-4.1.84.Final.jar:4.1.84.Final]
	at io.netty.util.HashedWheelTimer.<init>(HashedWheelTimer.java:114) ~[netty-common-4.1.84.Final.jar:4.1.84.Final]
	at io.netty.util.HashedWheelTimer.<init>(HashedWheelTimer.java:251) ~[netty-common-4.1.84.Final.jar:4.1.84.Final]
	at io.netty.util.HashedWheelTimer.<init>(HashedWheelTimer.java:224) ~[netty-common-4.1.84.Final.jar:4.1.84.Final]
	at io.netty.util.HashedWheelTimer.<init>(HashedWheelTimer.java:203) ~[netty-common-4.1.84.Final.jar:4.1.84.Final]
	at org.asynchttpclient.DefaultAsyncHttpClient.newNettyTimer(DefaultAsyncHttpClient.java:111) ~[async-http-client-2.12.3.jar:?]
	at org.asynchttpclient.DefaultAsyncHttpClient.<init>(DefaultAsyncHttpClient.java:90) ~[async-http-client-2.12.3.jar:?]
	at org.asynchttpclient.Dsl.asyncHttpClient(Dsl.java:32) ~[async-http-client-2.12.3.jar:?]
	at org.openqa.selenium.remote.http.netty.NettyClient.createHttpClient(NettyClient.java:94) ~[selenium-remote-driver-4.7.2.jar:?]
	at org.openqa.selenium.remote.http.netty.NettyClient.<clinit>(NettyClient.java:47) ~[selenium-remote-driver-4.7.2.jar:?]
	at org.openqa.selenium.remote.http.netty.NettyClient$Factory.createClient(NettyClient.java:135) ~[selenium-remote-driver-4.7.2.jar:?]
	at org.openqa.selenium.remote.HttpCommandExecutor.<init>(HttpCommandExecutor.java:107) ~[selenium-remote-driver-4.7.2.jar:?]
	at org.openqa.selenium.remote.HttpCommandExecutor.<init>(HttpCommandExecutor.java:94) ~[selenium-remote-driver-4.7.2.jar:?]
	at org.openqa.selenium.remote.HttpCommandExecutor.<init>(HttpCommandExecutor.java:85) ~[selenium-remote-driver-4.7.2.jar:?]
	at org.openqa.selenium.remote.service.DriverCommandExecutor.<init>(DriverCommandExecutor.java:80) ~[selenium-remote-driver-4.7.2.jar:?]
	at org.openqa.selenium.chromium.ChromiumDriverCommandExecutor.<init>(ChromiumDriverCommandExecutor.java:35) ~[selenium-chromium-driver-4.7.2.jar:?]
	at org.openqa.selenium.chrome.ChromeDriver$ChromeDriverCommandExecutor.<init>(ChromeDriver.java:94) ~[selenium-chrome-driver-4.7.2.jar:?]
	at org.openqa.selenium.chrome.ChromeDriver.<init>(ChromeDriver.java:82) ~[selenium-chrome-driver-4.7.2.jar:?]
	at org.openqa.selenium.chrome.ChromeDriver.<init>(ChromeDriver.java:50) ~[selenium-chrome-driver-4.7.2.jar:?]
	at driver.DriverSingleton.getDriver(DriverSingleton.java:26) ~[test-classes/:?]
	at test.CommonConditions.setUp(CommonConditions.java:31) ~[test-classes/:?]
	at jdk.internal.reflect.NativeMethodAccessorImpl.invoke0(Native Method) ~[?:?]
	at jdk.internal.reflect.NativeMethodAccessorImpl.invoke(NativeMethodAccessorImpl.java:77) ~[?:?]
	at jdk.internal.reflect.DelegatingMethodAccessorImpl.invoke(DelegatingMethodAccessorImpl.java:43) ~[?:?]
	at java.lang.reflect.Method.invoke(Method.java:568) ~[?:?]
	at org.testng.internal.MethodInvocationHelper.invokeMethod(MethodInvocationHelper.java:131) ~[testng-7.0.0-beta1.jar:?]
	at org.testng.internal.MethodInvocationHelper.invokeMethodConsideringTimeout(MethodInvocationHelper.java:61) ~[testng-7.0.0-beta1.jar:?]
	at org.testng.internal.Invoker.invokeConfigurationMethod(Invoker.java:511) ~[testng-7.0.0-beta1.jar:?]
	at org.testng.internal.Invoker.invokeConfigurations(Invoker.java:241) ~[testng-7.0.0-beta1.jar:?]
	at org.testng.internal.Invoker.invokeConfigurations(Invoker.java:144) ~[testng-7.0.0-beta1.jar:?]
	at org.testng.internal.TestMethodWorker.invokeBeforeClassMethods(TestMethodWorker.java:173) ~[testng-7.0.0-beta1.jar:?]
	at org.testng.internal.TestMethodWorker.run(TestMethodWorker.java:118) ~[testng-7.0.0-beta1.jar:?]
	at org.testng.TestRunner.privateRun(TestRunner.java:739) ~[testng-7.0.0-beta1.jar:?]
	at org.testng.TestRunner.run(TestRunner.java:589) ~[testng-7.0.0-beta1.jar:?]
	at org.testng.SuiteRunner.runTest(SuiteRunner.java:398) ~[testng-7.0.0-beta1.jar:?]
	at org.testng.SuiteRunner.runSequentially(SuiteRunner.java:392) ~[testng-7.0.0-beta1.jar:?]
	at org.testng.SuiteRunner.privateRun(SuiteRunner.java:354) ~[testng-7.0.0-beta1.jar:?]
	at org.testng.SuiteRunner.run(SuiteRunner.java:302) ~[testng-7.0.0-beta1.jar:?]
	at org.testng.SuiteRunnerWorker.runSuite(SuiteRunnerWorker.java:53) ~[testng-7.0.0-beta1.jar:?]
	at org.testng.SuiteRunnerWorker.run(SuiteRunnerWorker.java:96) ~[testng-7.0.0-beta1.jar:?]
	at org.testng.TestNG.runSuitesSequentially(TestNG.java:1145) ~[testng-7.0.0-beta1.jar:?]
	at org.testng.TestNG.runSuitesLocally(TestNG.java:1067) ~[testng-7.0.0-beta1.jar:?]
	at org.testng.TestNG.runSuites(TestNG.java:997) ~[testng-7.0.0-beta1.jar:?]
	at org.testng.TestNG.run(TestNG.java:965) ~[testng-7.0.0-beta1.jar:?]
	at org.apache.maven.surefire.testng.TestNGExecutor.run(TestNGExecutor.java:284) ~[surefire-testng-3.0.0-M5.jar:3.0.0-M5]
	at org.apache.maven.surefire.testng.TestNGXmlTestSuite.execute(TestNGXmlTestSuite.java:75) ~[surefire-testng-3.0.0-M5.jar:3.0.0-M5]
	at org.apache.maven.surefire.testng.TestNGProvider.invoke(TestNGProvider.java:119) ~[surefire-testng-3.0.0-M5.jar:3.0.0-M5]
	at org.apache.maven.surefire.booter.ForkedBooter.runSuitesInProcess(ForkedBooter.java:428) ~[surefire-booter-3.0.0-M5.jar:3.0.0-M5]
	at org.apache.maven.surefire.booter.ForkedBooter.execute(ForkedBooter.java:162) ~[surefire-booter-3.0.0-M5.jar:3.0.0-M5]
	at org.apache.maven.surefire.booter.ForkedBooter.run(ForkedBooter.java:562) ~[surefire-booter-3.0.0-M5.jar:3.0.0-M5]
	at org.apache.maven.surefire.booter.ForkedBooter.main(ForkedBooter.java:548) ~[surefire-booter-3.0.0-M5.jar:3.0.0-M5]
2023-02-26 18:47:29,999 DEBUG internal.PlatformDependent0 [main] java.nio.DirectByteBuffer.<init>(long, int): unavailable
2023-02-26 18:47:29,999 DEBUG internal.PlatformDependent [main] sun.misc.Unsafe: available
2023-02-26 18:47:29,999 DEBUG internal.PlatformDependent [main] maxDirectMemory: 4242538496 bytes (maybe)
2023-02-26 18:47:30,000 DEBUG internal.PlatformDependent [main] -Dio.netty.tmpdir: C:\Users\alexa\AppData\Local\Temp (java.io.tmpdir)
2023-02-26 18:47:30,000 DEBUG internal.PlatformDependent [main] -Dio.netty.bitMode: 64 (sun.arch.data.model)
2023-02-26 18:47:30,000 DEBUG internal.PlatformDependent [main] Platform: Windows
2023-02-26 18:47:30,001 DEBUG internal.PlatformDependent [main] -Dio.netty.maxDirectMemory: -1 bytes
2023-02-26 18:47:30,001 DEBUG internal.PlatformDependent [main] -Dio.netty.uninitializedArrayAllocationThreshold: -1
2023-02-26 18:47:30,002 DEBUG internal.CleanerJava9 [main] java.nio.ByteBuffer.cleaner(): available
2023-02-26 18:47:30,003 DEBUG internal.PlatformDependent [main] -Dio.netty.noPreferDirect: false
2023-02-26 18:47:30,009 DEBUG internal.PlatformDependent [main] org.jctools-core.MpscChunkedArrayQueue: available
2023-02-26 18:47:30,036 DEBUG internal.InternalThreadLocalMap [main] -Dio.netty.threadLocalMap.stringBuilder.initialSize: 1024
2023-02-26 18:47:30,037 DEBUG internal.InternalThreadLocalMap [main] -Dio.netty.threadLocalMap.stringBuilder.maxSize: 4096
2023-02-26 18:47:30,053 DEBUG ssl.JdkSslContext [main] Default protocols (JDK): [TLSv1.3, TLSv1.2] 
2023-02-26 18:47:30,053 DEBUG ssl.JdkSslContext [main] Default cipher suites (JDK): [TLS_ECDHE_ECDSA_WITH_AES_256_GCM_SHA384, TLS_ECDHE_ECDSA_WITH_AES_128_GCM_SHA256, TLS_ECDHE_RSA_WITH_AES_128_GCM_SHA256, TLS_ECDHE_RSA_WITH_AES_256_GCM_SHA384, TLS_ECDHE_RSA_WITH_AES_128_CBC_SHA, TLS_ECDHE_RSA_WITH_AES_256_CBC_SHA, TLS_RSA_WITH_AES_128_GCM_SHA256, TLS_RSA_WITH_AES_128_CBC_SHA, TLS_RSA_WITH_AES_256_CBC_SHA, TLS_AES_128_GCM_SHA256, TLS_AES_256_GCM_SHA384]
2023-02-26 18:47:30,079 DEBUG channel.MultithreadEventLoopGroup [main] -Dio.netty.eventLoopThreads: 16
2023-02-26 18:47:30,089 DEBUG nio.NioEventLoop [main] -Dio.netty.noKeySetOptimization: false
2023-02-26 18:47:30,090 DEBUG nio.NioEventLoop [main] -Dio.netty.selectorAutoRebuildThreshold: 512
2023-02-26 18:47:30,105 TRACE nio.NioEventLoop [main] instrumented a special java.util.Set into: sun.nio.ch.WEPollSelectorImpl@6869a3b3
2023-02-26 18:47:30,107 TRACE nio.NioEventLoop [main] instrumented a special java.util.Set into: sun.nio.ch.WEPollSelectorImpl@cb03411
2023-02-26 18:47:30,110 TRACE nio.NioEventLoop [main] instrumented a special java.util.Set into: sun.nio.ch.WEPollSelectorImpl@4c59e45e
2023-02-26 18:47:30,113 TRACE nio.NioEventLoop [main] instrumented a special java.util.Set into: sun.nio.ch.WEPollSelectorImpl@58ec7116
2023-02-26 18:47:30,116 TRACE nio.NioEventLoop [main] instrumented a special java.util.Set into: sun.nio.ch.WEPollSelectorImpl@63bde6c2
2023-02-26 18:47:30,119 TRACE nio.NioEventLoop [main] instrumented a special java.util.Set into: sun.nio.ch.WEPollSelectorImpl@6ea04618
2023-02-26 18:47:30,121 TRACE nio.NioEventLoop [main] instrumented a special java.util.Set into: sun.nio.ch.WEPollSelectorImpl@6dd82486
2023-02-26 18:47:30,123 TRACE nio.NioEventLoop [main] instrumented a special java.util.Set into: sun.nio.ch.WEPollSelectorImpl@56078cea
2023-02-26 18:47:30,126 TRACE nio.NioEventLoop [main] instrumented a special java.util.Set into: sun.nio.ch.WEPollSelectorImpl@5a00eb1e
2023-02-26 18:47:30,128 TRACE nio.NioEventLoop [main] instrumented a special java.util.Set into: sun.nio.ch.WEPollSelectorImpl@36fcf6c0
2023-02-26 18:47:30,130 TRACE nio.NioEventLoop [main] instrumented a special java.util.Set into: sun.nio.ch.WEPollSelectorImpl@1aac188d
2023-02-26 18:47:30,132 TRACE nio.NioEventLoop [main] instrumented a special java.util.Set into: sun.nio.ch.WEPollSelectorImpl@7026b7ee
2023-02-26 18:47:30,135 TRACE nio.NioEventLoop [main] instrumented a special java.util.Set into: sun.nio.ch.WEPollSelectorImpl@2d23faef
2023-02-26 18:47:30,137 TRACE nio.NioEventLoop [main] instrumented a special java.util.Set into: sun.nio.ch.WEPollSelectorImpl@7cb8437d
2023-02-26 18:47:30,139 TRACE nio.NioEventLoop [main] instrumented a special java.util.Set into: sun.nio.ch.WEPollSelectorImpl@62a4417
2023-02-26 18:47:30,141 TRACE nio.NioEventLoop [main] instrumented a special java.util.Set into: sun.nio.ch.WEPollSelectorImpl@43f61afb
2023-02-26 18:47:30,159 DEBUG buffer.PooledByteBufAllocator [main] -Dio.netty.allocator.numHeapArenas: 16
2023-02-26 18:47:30,159 DEBUG buffer.PooledByteBufAllocator [main] -Dio.netty.allocator.numDirectArenas: 16
2023-02-26 18:47:30,159 DEBUG buffer.PooledByteBufAllocator [main] -Dio.netty.allocator.pageSize: 8192
2023-02-26 18:47:30,159 DEBUG buffer.PooledByteBufAllocator [main] -Dio.netty.allocator.maxOrder: 9
2023-02-26 18:47:30,160 DEBUG buffer.PooledByteBufAllocator [main] -Dio.netty.allocator.chunkSize: 4194304
2023-02-26 18:47:30,160 DEBUG buffer.PooledByteBufAllocator [main] -Dio.netty.allocator.smallCacheSize: 256
2023-02-26 18:47:30,160 DEBUG buffer.PooledByteBufAllocator [main] -Dio.netty.allocator.normalCacheSize: 64
2023-02-26 18:47:30,160 DEBUG buffer.PooledByteBufAllocator [main] -Dio.netty.allocator.maxCachedBufferCapacity: 32768
2023-02-26 18:47:30,160 DEBUG buffer.PooledByteBufAllocator [main] -Dio.netty.allocator.cacheTrimInterval: 8192
2023-02-26 18:47:30,160 DEBUG buffer.PooledByteBufAllocator [main] -Dio.netty.allocator.cacheTrimIntervalMillis: 0
2023-02-26 18:47:30,161 DEBUG buffer.PooledByteBufAllocator [main] -Dio.netty.allocator.useCacheForAllThreads: false
2023-02-26 18:47:30,161 DEBUG buffer.PooledByteBufAllocator [main] -Dio.netty.allocator.maxCachedByteBuffersPerChunk: 1023
2023-02-26 18:47:30,169 DEBUG buffer.ByteBufUtil [main] -Dio.netty.allocator.type: pooled
2023-02-26 18:47:30,169 DEBUG buffer.ByteBufUtil [main] -Dio.netty.threadLocalDirectBufferSize: 0
2023-02-26 18:47:30,170 DEBUG buffer.ByteBufUtil [main] -Dio.netty.maxThreadLocalCharBufferSize: 16384
2023-02-26 18:47:30,623 DEBUG channel.DefaultChannelId [Forwarding newSession on session null to remote] -Dio.netty.processId: 21440 (auto-detected)
2023-02-26 18:47:30,625 DEBUG util.NetUtil [Forwarding newSession on session null to remote] -Djava.net.preferIPv4Stack: false
2023-02-26 18:47:30,625 DEBUG util.NetUtil [Forwarding newSession on session null to remote] -Djava.net.preferIPv6Addresses: false
2023-02-26 18:47:30,633 DEBUG util.NetUtilInitializations [Forwarding newSession on session null to remote] Loopback interface: lo (Software Loopback Interface 1, 127.0.0.1)
2023-02-26 18:47:30,635 DEBUG util.NetUtil [Forwarding newSession on session null to remote] Failed to get SOMAXCONN from sysctl and file \proc\sys\net\core\somaxconn. Default: 200
2023-02-26 18:47:30,669 DEBUG channel.DefaultChannelId [Forwarding newSession on session null to remote] -Dio.netty.machineId: 40:ec:99:ff:fe:cb:a7:00 (auto-detected)
2023-02-26 18:47:30,710 DEBUG buffer.AbstractByteBuf [AsyncHttpClient-1-2] -Dio.netty.buffer.checkAccessible: true
2023-02-26 18:47:30,711 DEBUG buffer.AbstractByteBuf [AsyncHttpClient-1-2] -Dio.netty.buffer.checkBounds: true
2023-02-26 18:47:30,711 DEBUG util.ResourceLeakDetectorFactory [AsyncHttpClient-1-2] Loaded default ResourceLeakDetector: io.netty.util.ResourceLeakDetector@552f5d6d
2023-02-26 18:47:30,730 DEBUG util.Recycler [AsyncHttpClient-1-2] -Dio.netty.recycler.maxCapacityPerThread: 4096
2023-02-26 18:47:30,730 DEBUG util.Recycler [AsyncHttpClient-1-2] -Dio.netty.recycler.ratio: 8
2023-02-26 18:47:30,730 DEBUG util.Recycler [AsyncHttpClient-1-2] -Dio.netty.recycler.chunkSize: 32
2023-02-26 18:47:30,730 DEBUG util.Recycler [AsyncHttpClient-1-2] -Dio.netty.recycler.blocking: false
2023-02-26 18:47:31,373 DEBUG compression.Brotli [AsyncHttpClient-1-2] brotli4j not in the classpath; Brotli support will be unavailable.
2023-02-26 18:47:31,540 DEBUG internal.ThreadLocalRandom [main] -Dio.netty.initialSeedUniquifier: 0x49ae2bfaf11d418e
2023-02-26 18:48:49,356 TRACE websocketx.WebSocket08FrameEncoder [AsyncHttpClient-1-4] Encoding WebSocket Frame opCode=8 length=26
